<testng-results>
  <reporter-output>
  </reporter-output>
  <suite name="MySuite">
    <groups>
      <group name="unit">
        <method signature="net.learntechnology.persistence.UserDAOTest.getUsers()" name="getUsers" class="net.learntechnology.persistence.UserDAOTest"/>
      </group>
    </groups>
    <test name="OurTests">
      <class name="net.learntechnology.persistence.UserDAOTest">
        <test-method status="FAIL" signature="getUsers()" name="getUsers" duration-ms="108" started-at="2011-10-12T19:36:02Z" finished-at="2011-10-12T19:36:02Z">
          <exception class="javax.persistence.PersistenceException">
            <message>
              <![CDATA[org.hibernate.exception.SQLGrammarException: Cannot open connection]]>
            </message>
            <full-stacktrace>
              <![CDATA[javax.persistence.PersistenceException: org.hibernate.exception.SQLGrammarException: Cannot open connection
	at org.hibernate.ejb.AbstractEntityManagerImpl.throwPersistenceException(AbstractEntityManagerImpl.java:647)
	at org.hibernate.ejb.QueryImpl.getResultList(QueryImpl.java:73)
	at net.learntechnology.persistence.dao.UserDAOBean.getUsers(UserDAOBean.java:27)
	at net.learntechnology.persistence.UserDAOTest.getUsers(UserDAOTest.java:24)
	at sun.reflect.NativeMethodAccessorImpl.invoke0(Native Method)
	at sun.reflect.NativeMethodAccessorImpl.invoke(NativeMethodAccessorImpl.java:39)
	at sun.reflect.DelegatingMethodAccessorImpl.invoke(DelegatingMethodAccessorImpl.java:25)
	at java.lang.reflect.Method.invoke(Method.java:597)
	at org.testng.internal.MethodHelper.invokeMethod(MethodHelper.java:580)
	at org.testng.internal.Invoker.invokeMethod(Invoker.java:478)
	at org.testng.internal.Invoker.invokeTestMethod(Invoker.java:617)
	at org.testng.internal.Invoker.invokeTestMethods(Invoker.java:885)
	at org.testng.internal.TestMethodWorker.invokeTestMethods(TestMethodWorker.java:126)
	at org.testng.internal.TestMethodWorker.run(TestMethodWorker.java:110)
	at org.testng.TestRunner.runWorkers(TestRunner.java:712)
	at org.testng.TestRunner.privateRun(TestRunner.java:582)
	at org.testng.TestRunner.run(TestRunner.java:477)
	at org.testng.SuiteRunner.runTest(SuiteRunner.java:324)
	at org.testng.SuiteRunner.runSequentially(SuiteRunner.java:319)
	at org.testng.SuiteRunner.privateRun(SuiteRunner.java:292)
	at org.testng.SuiteRunner.run(SuiteRunner.java:198)
	at org.testng.TestNG.createAndRunSuiteRunners(TestNG.java:821)
	at org.testng.TestNG.runSuitesLocally(TestNG.java:788)
	at org.testng.TestNG.run(TestNG.java:708)
	at org.apache.maven.surefire.testng.TestNGExecutor.run(TestNGExecutor.java:74)
	at org.apache.maven.surefire.testng.TestNGXmlTestSuite.execute(TestNGXmlTestSuite.java:92)
	at org.apache.maven.surefire.Surefire.run(Surefire.java:177)
	at sun.reflect.NativeMethodAccessorImpl.invoke0(Native Method)
	at sun.reflect.NativeMethodAccessorImpl.invoke(NativeMethodAccessorImpl.java:39)
	at sun.reflect.DelegatingMethodAccessorImpl.invoke(DelegatingMethodAccessorImpl.java:25)
	at java.lang.reflect.Method.invoke(Method.java:597)
	at org.apache.maven.surefire.booter.SurefireBooter.runSuitesInProcess(SurefireBooter.java:338)
	at org.apache.maven.surefire.booter.SurefireBooter.main(SurefireBooter.java:997)
Caused by: org.hibernate.exception.SQLGrammarException: Cannot open connection
	at org.hibernate.exception.SQLStateConverter.convert(SQLStateConverter.java:67)
	at org.hibernate.exception.JDBCExceptionHelper.convert(JDBCExceptionHelper.java:43)
	at org.hibernate.exception.JDBCExceptionHelper.convert(JDBCExceptionHelper.java:29)
	at org.hibernate.jdbc.ConnectionManager.openConnection(ConnectionManager.java:420)
	at org.hibernate.jdbc.ConnectionManager.getConnection(ConnectionManager.java:144)
	at org.hibernate.jdbc.AbstractBatcher.prepareQueryStatement(AbstractBatcher.java:139)
	at org.hibernate.loader.Loader.prepareQueryStatement(Loader.java:1560)
	at org.hibernate.loader.Loader.doQuery(Loader.java:661)
	at org.hibernate.loader.Loader.doQueryAndInitializeNonLazyCollections(Loader.java:224)
	at org.hibernate.loader.Loader.doList(Loader.java:2144)
	at org.hibernate.loader.Loader.listIgnoreQueryCache(Loader.java:2028)
	at org.hibernate.loader.Loader.list(Loader.java:2023)
	at org.hibernate.loader.hql.QueryLoader.list(QueryLoader.java:393)
	at org.hibernate.hql.ast.QueryTranslatorImpl.list(QueryTranslatorImpl.java:338)
	at org.hibernate.engine.query.HQLQueryPlan.performList(HQLQueryPlan.java:172)
	at org.hibernate.impl.SessionImpl.list(SessionImpl.java:1121)
	at org.hibernate.impl.QueryImpl.list(QueryImpl.java:79)
	at org.hibernate.ejb.QueryImpl.getResultList(QueryImpl.java:64)
	... 31 more
Caused by: com.mysql.jdbc.exceptions.MySQLSyntaxErrorException: Unknown database 'learntechnology_db'
	at com.mysql.jdbc.SQLError.createSQLException(SQLError.java:936)
	at com.mysql.jdbc.MysqlIO.checkErrorPacket(MysqlIO.java:2941)
	at com.mysql.jdbc.MysqlIO.checkErrorPacket(MysqlIO.java:868)
	at com.mysql.jdbc.MysqlIO.secureAuth411(MysqlIO.java:3340)
	at com.mysql.jdbc.MysqlIO.doHandshake(MysqlIO.java:1238)
	at com.mysql.jdbc.Connection.createNewIO(Connection.java:2743)
	at com.mysql.jdbc.Connection.&lt;init&gt;(Connection.java:1553)
	at com.mysql.jdbc.NonRegisteringDriver.connect(NonRegisteringDriver.java:266)
	at java.sql.DriverManager.getConnection(DriverManager.java:582)
	at java.sql.DriverManager.getConnection(DriverManager.java:154)
	at org.hibernate.connection.DriverManagerConnectionProvider.getConnection(DriverManagerConnectionProvider.java:110)
	at org.hibernate.jdbc.ConnectionManager.openConnection(ConnectionManager.java:417)
	... 45 more
]]>
            </full-stacktrace>
          </exception>
        </test-method>
        <test-method status="PASS" signature="runBeforeClass()" name="runBeforeClass" is-config="true" duration-ms="615" started-at="2011-10-12T19:36:01Z" finished-at="2011-10-12T19:36:02Z">
        </test-method>
        <test-method status="PASS" signature="runAfterClass()" name="runAfterClass" is-config="true" duration-ms="1" started-at="2011-10-12T19:36:02Z" finished-at="2011-10-12T19:36:02Z">
        </test-method>
      </class>
    </test>
  </suite>
</testng-results>
