<?xml version="1.0" encoding="UTF-8" ?>
<testsuite failures="0" time="2.807" errors="0" skipped="0" tests="4" name="org.roussev.persistence.UserDaoTest">
  <properties>
[...]
</properties>
  <testcase time="0.316" classname="org.roussev.persistence.UserDaoTest" name="list"/>
  <testcase time="0.055" classname="org.roussev.persistence.UserDaoTest" name="read"/>
  <testcase time="0.088" classname="org.roussev.persistence.UserDaoTest" name="update"/>
  <testcase time="0.054" classname="org.roussev.persistence.UserDaoTest" name="createDelete"/>
</testsuite>